#
# There is insufficient memory for the Java Runtime Environment to continue.
# Native memory allocation (malloc) failed to allocate 2155136 bytes. Error detail: Chunk::new
# Possible reasons:
#   The system is out of physical RAM or swap space
#   This process is running with CompressedOops enabled, and the Java Heap may be blocking the growth of the native heap
# Possible solutions:
#   Reduce memory load on the system
#   Increase physical memory or swap space
#   Check if swap backing store is full
#   Decrease Java heap size (-Xmx/-Xms)
#   Decrease number of Java threads
#   Decrease Java thread stack sizes (-Xss)
#   Set larger code cache with -XX:ReservedCodeCacheSize=
#   JVM is running with Unscaled Compressed Oops mode in which the Java heap is
#     placed in the first 4GB address space. The Java Heap base address is the
#     maximum limit for the native heap growth. Please use -XX:HeapBaseMinAddress
#     to set the Java Heap base and to place the Java Heap above 4GB virtual address.
# This output file may be truncated or incomplete.
#
#  Out of Memory Error (arena.cpp:168), pid=9516, tid=12872
#
# JRE version: OpenJDK Runtime Environment (21.0.6) (build 21.0.6+-13391695-b895.109)
# Java VM: OpenJDK 64-Bit Server VM (21.0.6+-13391695-b895.109, mixed mode, tiered, compressed oops, compressed class ptrs, g1 gc, windows-amd64)
# No core dump will be written. Minidumps are not enabled by default on client versions of Windows
#

---------------  S U M M A R Y ------------

Command Line: --add-opens=java.base/java.lang=ALL-UNNAMED --add-opens=java.base/java.lang.invoke=ALL-UNNAMED --add-opens=java.base/java.util=ALL-UNNAMED --add-opens=java.prefs/java.util.prefs=ALL-UNNAMED --add-exports=jdk.compiler/com.sun.tools.javac.api=ALL-UNNAMED --add-exports=jdk.compiler/com.sun.tools.javac.util=ALL-UNNAMED --add-opens=java.base/java.util=ALL-UNNAMED --add-opens=java.prefs/java.util.prefs=ALL-UNNAMED --add-opens=java.base/java.nio.charset=ALL-UNNAMED --add-opens=java.base/java.net=ALL-UNNAMED --add-opens=java.base/java.util.concurrent.atomic=ALL-UNNAMED --add-opens=java.xml/javax.xml.namespace=ALL-UNNAMED -Xmx2048m -Dfile.encoding=UTF-8 -Duser.country=PE -Duser.language=es -Duser.variant -javaagent:C:\Users\hp\.gradle\wrapper\dists\gradle-8.13-bin\5xuhj0ry160q40clulazy9h7d\gradle-8.13\lib\agents\gradle-instrumentation-agent-8.13.jar org.gradle.launcher.daemon.bootstrap.GradleDaemon 8.13

Host: Intel(R) Core(TM) i5-1035G1 CPU @ 1.00GHz, 8 cores, 7G,  Windows 10 , 64 bit Build 19041 (10.0.19041.5915)
Time: Sun Oct 12 15:23:35 2025 Hora est. Pacífico, Sudamérica elapsed time: 18.927805 seconds (0d 0h 0m 18s)

---------------  T H R E A D  ---------------

Current thread (0x00000230c269f740):  JavaThread "C2 CompilerThread0" daemon [_thread_in_native, id=12872, stack(0x000000dcc2b00000,0x000000dcc2c00000) (1024K)]


Current CompileTask:
C2:18927 3875   !   4       java.lang.ClassLoader::loadClass (121 bytes)

Stack: [0x000000dcc2b00000,0x000000dcc2c00000]
Native frames: (J=compiled Java code, j=interpreted, Vv=VM code, C=native code)
V  [jvm.dll+0x6d0639]
V  [jvm.dll+0x85eb03]
V  [jvm.dll+0x86105e]
V  [jvm.dll+0x861743]
V  [jvm.dll+0x27e6e6]
V  [jvm.dll+0xbff6d]
V  [jvm.dll+0xc04a3]
V  [jvm.dll+0x3b61ab]
V  [jvm.dll+0x1de872]
V  [jvm.dll+0x247dd4]
V  [jvm.dll+0x247251]
V  [jvm.dll+0x1c5f04]
V  [jvm.dll+0x2569ac]
V  [jvm.dll+0x254ef6]
V  [jvm.dll+0x3f0e96]
V  [jvm.dll+0x806ed8]
V  [jvm.dll+0x6cef0d]
C  [ucrtbase.dll+0x21bb2]
C  [KERNEL32.DLL+0x17374]
C  [ntdll.dll+0x4cc91]


---------------  P R O C E S S  ---------------

Threads class SMR info:
_java_thread_list=0x00000230c9c6d170, length=38, elements={
0x00000230aadc5400, 0x00000230c2659ff0, 0x00000230c265ba60, 0x00000230c265c850,
0x00000230c26734f0, 0x00000230c2673f40, 0x00000230c267c9a0, 0x00000230c269f740,
0x00000230c26a01d0, 0x00000230c27472d0, 0x00000230c298bd10, 0x00000230c889c020,
0x00000230c8a51870, 0x00000230c8c6a950, 0x00000230c8c93da0, 0x00000230c8c94400,
0x00000230c8aa0d40, 0x00000230c8abb6b0, 0x00000230c8ae1a90, 0x00000230c8ab1e30,
0x00000230c8ab1110, 0x00000230c8ab17a0, 0x00000230c8ab03f0, 0x00000230c8ab24c0,
0x00000230c8ab0a80, 0x00000230c8aaf6d0, 0x00000230c8aafd60, 0x00000230c9c445f0,
0x00000230c9c49b40, 0x00000230c9c46d50, 0x00000230c9c48790, 0x00000230c9c44c80,
0x00000230c9c4bc10, 0x00000230c9c46030, 0x00000230c9c466c0, 0x00000230c9c473e0,
0x00000230c9c4a1d0, 0x00000230c948cfa0
}

Java Threads: ( => current thread )
  0x00000230aadc5400 JavaThread "main"                              [_thread_blocked, id=4620, stack(0x000000dcc1d00000,0x000000dcc1e00000) (1024K)]
  0x00000230c2659ff0 JavaThread "Reference Handler"          daemon [_thread_blocked, id=11292, stack(0x000000dcc2500000,0x000000dcc2600000) (1024K)]
  0x00000230c265ba60 JavaThread "Finalizer"                  daemon [_thread_blocked, id=10792, stack(0x000000dcc2600000,0x000000dcc2700000) (1024K)]
  0x00000230c265c850 JavaThread "Signal Dispatcher"          daemon [_thread_blocked, id=11988, stack(0x000000dcc2700000,0x000000dcc2800000) (1024K)]
  0x00000230c26734f0 JavaThread "Attach Listener"            daemon [_thread_blocked, id=13168, stack(0x000000dcc2800000,0x000000dcc2900000) (1024K)]
  0x00000230c2673f40 JavaThread "Service Thread"             daemon [_thread_blocked, id=12700, stack(0x000000dcc2900000,0x000000dcc2a00000) (1024K)]
  0x00000230c267c9a0 JavaThread "Monitor Deflation Thread"   daemon [_thread_blocked, id=5568, stack(0x000000dcc2a00000,0x000000dcc2b00000) (1024K)]
=>0x00000230c269f740 JavaThread "C2 CompilerThread0"         daemon [_thread_in_native, id=12872, stack(0x000000dcc2b00000,0x000000dcc2c00000) (1024K)]
  0x00000230c26a01d0 JavaThread "C1 CompilerThread0"         daemon [_thread_blocked, id=8852, stack(0x000000dcc2c00000,0x000000dcc2d00000) (1024K)]
  0x00000230c27472d0 JavaThread "Common-Cleaner"             daemon [_thread_blocked, id=392, stack(0x000000dcc2d00000,0x000000dcc2e00000) (1024K)]
  0x00000230c298bd10 JavaThread "Notification Thread"        daemon [_thread_blocked, id=1192, stack(0x000000dcc2e00000,0x000000dcc2f00000) (1024K)]
  0x00000230c889c020 JavaThread "Daemon health stats"               [_thread_blocked, id=14684, stack(0x000000dcc3600000,0x000000dcc3700000) (1024K)]
  0x00000230c8a51870 JavaThread "Incoming local TCP Connector on port 63773"        [_thread_in_native, id=8152, stack(0x000000dcc3800000,0x000000dcc3900000) (1024K)]
  0x00000230c8c6a950 JavaThread "Daemon periodic checks"            [_thread_blocked, id=10280, stack(0x000000dcc3900000,0x000000dcc3a00000) (1024K)]
  0x00000230c8c93da0 JavaThread "Daemon"                            [_thread_blocked, id=12544, stack(0x000000dcc3700000,0x000000dcc3800000) (1024K)]
  0x00000230c8c94400 JavaThread "Handler for socket connection from /127.0.0.1:63773 to /127.0.0.1:63777"        [_thread_in_native, id=10220, stack(0x000000dcc3a00000,0x000000dcc3b00000) (1024K)]
  0x00000230c8aa0d40 JavaThread "Cancel handler"                    [_thread_blocked, id=12624, stack(0x000000dcc3b00000,0x000000dcc3c00000) (1024K)]
  0x00000230c8abb6b0 JavaThread "Daemon worker"                     [_thread_in_native, id=11112, stack(0x000000dcc3c00000,0x000000dcc3d00000) (1024K)]
  0x00000230c8ae1a90 JavaThread "Asynchronous log dispatcher for DefaultDaemonConnection: socket connection from /127.0.0.1:63773 to /127.0.0.1:63777"        [_thread_blocked, id=3152, stack(0x000000dcc3d00000,0x000000dcc3e00000) (1024K)]
  0x00000230c8ab1e30 JavaThread "Stdin handler"                     [_thread_blocked, id=14696, stack(0x000000dcc3e00000,0x000000dcc3f00000) (1024K)]
  0x00000230c8ab1110 JavaThread "Daemon client event forwarder"        [_thread_blocked, id=4252, stack(0x000000dcc3f00000,0x000000dcc4000000) (1024K)]
  0x00000230c8ab17a0 JavaThread "Cache worker for journal cache (C:\Users\hp\.gradle\caches\journal-1)"        [_thread_blocked, id=1652, stack(0x000000dcc4100000,0x000000dcc4200000) (1024K)]
  0x00000230c8ab03f0 JavaThread "File lock request listener"        [_thread_in_native, id=5492, stack(0x000000dcc4200000,0x000000dcc4300000) (1024K)]
  0x00000230c8ab24c0 JavaThread "Cache worker for file hash cache (C:\Users\hp\.gradle\caches\8.13\fileHashes)"        [_thread_blocked, id=10532, stack(0x000000dcc4400000,0x000000dcc4500000) (1024K)]
  0x00000230c8ab0a80 JavaThread "File lock release action executor"        [_thread_blocked, id=436, stack(0x000000dcc4500000,0x000000dcc4600000) (1024K)]
  0x00000230c8aaf6d0 JavaThread "Cache worker for file hash cache (C:\Users\hp\StudioProjects\ProyectoDBPII\.gradle\8.13\fileHashes)"        [_thread_blocked, id=11540, stack(0x000000dcc4300000,0x000000dcc4400000) (1024K)]
  0x00000230c8aafd60 JavaThread "Cache worker for Build Output Cleanup Cache (C:\Users\hp\StudioProjects\ProyectoDBPII\.gradle\buildOutputCleanup)"        [_thread_blocked, id=13660, stack(0x000000dcc4600000,0x000000dcc4700000) (1024K)]
  0x00000230c9c445f0 JavaThread "File watcher server"        daemon [_thread_in_native, id=1132, stack(0x000000dcc4700000,0x000000dcc4800000) (1024K)]
  0x00000230c9c49b40 JavaThread "File watcher consumer"      daemon [_thread_blocked, id=4036, stack(0x000000dcc4800000,0x000000dcc4900000) (1024K)]
  0x00000230c9c46d50 JavaThread "jar transforms"                    [_thread_blocked, id=14196, stack(0x000000dcc4a00000,0x000000dcc4b00000) (1024K)]
  0x00000230c9c48790 JavaThread "jar transforms Thread 2"           [_thread_blocked, id=14588, stack(0x000000dcc4b00000,0x000000dcc4c00000) (1024K)]
  0x00000230c9c44c80 JavaThread "jar transforms Thread 3"           [_thread_blocked, id=7036, stack(0x000000dcc4c00000,0x000000dcc4d00000) (1024K)]
  0x00000230c9c4bc10 JavaThread "jar transforms Thread 4"           [_thread_blocked, id=14256, stack(0x000000dcc4d00000,0x000000dcc4e00000) (1024K)]
  0x00000230c9c46030 JavaThread "jar transforms Thread 5"           [_thread_blocked, id=1348, stack(0x000000dcc4e00000,0x000000dcc4f00000) (1024K)]
  0x00000230c9c466c0 JavaThread "jar transforms Thread 6"           [_thread_blocked, id=12476, stack(0x000000dcc4f00000,0x000000dcc5000000) (1024K)]
  0x00000230c9c473e0 JavaThread "jar transforms Thread 7"           [_thread_blocked, id=5872, stack(0x000000dcc5000000,0x000000dcc5100000) (1024K)]
  0x00000230c9c4a1d0 JavaThread "jar transforms Thread 8"           [_thread_blocked, id=11852, stack(0x000000dcc5100000,0x000000dcc5200000) (1024K)]
  0x00000230c948cfa0 JavaThread "C2 CompilerThread1"         daemon [_thread_in_native, id=5800, stack(0x000000dcc4900000,0x000000dcc4a00000) (1024K)]
Total: 38

Other Threads:
  0x00000230c2489590 VMThread "VM Thread"                           [id=4604, stack(0x000000dcc2400000,0x000000dcc2500000) (1024K)]
  0x00000230c2443530 WatcherThread "VM Periodic Task Thread"        [id=2180, stack(0x000000dcc2300000,0x000000dcc2400000) (1024K)]
  0x00000230aae19640 WorkerThread "GC Thread#0"                     [id=13448, stack(0x000000dcc1e00000,0x000000dcc1f00000) (1024K)]
  0x00000230c739c9f0 WorkerThread "GC Thread#1"                     [id=9804, stack(0x000000dcc3100000,0x000000dcc3200000) (1024K)]
  0x00000230c739cd90 WorkerThread "GC Thread#2"                     [id=2028, stack(0x000000dcc3200000,0x000000dcc3300000) (1024K)]
  0x00000230c7e62810 WorkerThread "GC Thread#3"                     [id=4852, stack(0x000000dcc3000000,0x000000dcc3100000) (1024K)]
  0x00000230c7e67d10 WorkerThread "GC Thread#4"                     [id=15236, stack(0x000000dcc3300000,0x000000dcc3400000) (1024K)]
  0x00000230c8a890f0 WorkerThread "GC Thread#5"                     [id=14204, stack(0x000000dcc2f00000,0x000000dcc3000000) (1024K)]
  0x00000230c88963e0 WorkerThread "GC Thread#6"                     [id=14592, stack(0x000000dcc3400000,0x000000dcc3500000) (1024K)]
  0x00000230c8896780 WorkerThread "GC Thread#7"                     [id=13248, stack(0x000000dcc3500000,0x000000dcc3600000) (1024K)]
  0x00000230a8c0bf80 ConcurrentGCThread "G1 Main Marker"            [id=12272, stack(0x000000dcc1f00000,0x000000dcc2000000) (1024K)]
  0x00000230a8c0d1a0 WorkerThread "G1 Conc#0"                       [id=14864, stack(0x000000dcc2000000,0x000000dcc2100000) (1024K)]
  0x00000230c8c1cd70 WorkerThread "G1 Conc#1"                       [id=14132, stack(0x000000dcc4000000,0x000000dcc4100000) (1024K)]
  0x00000230c2317500 ConcurrentGCThread "G1 Refine#0"               [id=5064, stack(0x000000dcc2100000,0x000000dcc2200000) (1024K)]
  0x00000230c2318f90 ConcurrentGCThread "G1 Service"                [id=11320, stack(0x000000dcc2200000,0x000000dcc2300000) (1024K)]
Total: 15

Threads with active compile tasks:
C2 CompilerThread0  19288 3875   !   4       java.lang.ClassLoader::loadClass (121 bytes)
C2 CompilerThread1  19288 3919       4       java.io.DataInputStream::readFully (59 bytes)
Total: 2

VM state: not at safepoint (normal execution)

VM Mutex/Monitor currently owned by a thread: None

Heap address: 0x0000000080000000, size: 2048 MB, Compressed Oops mode: 32-bit

CDS archive(s) not mapped
Compressed class space mapped at: 0x0000000100000000-0x0000000140000000, reserved size: 1073741824
Narrow klass base: 0x0000000000000000, Narrow klass shift: 3, Narrow klass range: 0x140000000

GC Precious Log:
 CardTable entry size: 512
 Card Set container configuration: InlinePtr #cards 5 size 8 Array Of Cards #cards 12 size 40 Howl #buckets 4 coarsen threshold 1843 Howl Bitmap #cards 512 size 80 coarsen threshold 460 Card regions per heap region 1 cards per card region 2048
 CPUs: 8 total, 8 available
 Memory: 7973M
 Large Page Support: Disabled
 NUMA Support: Disabled
 Compressed Oops: Enabled (32-bit)
 Heap Region Size: 1M
 Heap Min Capacity: 8M
 Heap Initial Capacity: 126M
 Heap Max Capacity: 2G
 Pre-touch: Disabled
 Parallel Workers: 8
 Concurrent Workers: 2
 Concurrent Refinement Workers: 8
 Periodic GC: Disabled

Heap:
 garbage-first heap   total 87040K, used 74443K [0x0000000080000000, 0x0000000100000000)
  region size 1024K, 15 young (15360K), 1 survivors (1024K)
 Metaspace       used 41059K, committed 41984K, reserved 1114112K
  class space    used 5610K, committed 6080K, reserved 1048576K

Heap Regions: E=young(eden), S=young(survivor), O=old, HS=humongous(starts), HC=humongous(continues), CS=collection set, F=free, TAMS=top-at-mark-start, PB=parsable bottom
|   0|0x0000000080000000, 0x0000000080100000, 0x0000000080100000|100%|HS|  |TAMS 0x0000000080000000| PB 0x0000000080000000| Complete 
|   1|0x0000000080100000, 0x0000000080200000, 0x0000000080200000|100%|HC|  |TAMS 0x0000000080100000| PB 0x0000000080100000| Complete 
|   2|0x0000000080200000, 0x0000000080300000, 0x0000000080300000|100%|HC|  |TAMS 0x0000000080200000| PB 0x0000000080200000| Complete 
|   3|0x0000000080300000, 0x0000000080400000, 0x0000000080400000|100%| O|  |TAMS 0x0000000080300000| PB 0x0000000080300000| Untracked 
|   4|0x0000000080400000, 0x0000000080500000, 0x0000000080500000|100%| O|  |TAMS 0x0000000080400000| PB 0x0000000080400000| Untracked 
|   5|0x0000000080500000, 0x0000000080600000, 0x0000000080600000|100%| O|  |TAMS 0x0000000080500000| PB 0x0000000080500000| Untracked 
|   6|0x0000000080600000, 0x0000000080700000, 0x0000000080700000|100%|HS|  |TAMS 0x0000000080600000| PB 0x0000000080600000| Complete 
|   7|0x0000000080700000, 0x0000000080800000, 0x0000000080800000|100%| O|  |TAMS 0x0000000080700000| PB 0x0000000080700000| Untracked 
|   8|0x0000000080800000, 0x0000000080900000, 0x0000000080900000|100%| O|  |TAMS 0x0000000080800000| PB 0x0000000080800000| Untracked 
|   9|0x0000000080900000, 0x0000000080a00000, 0x0000000080a00000|100%| O|  |TAMS 0x0000000080900000| PB 0x0000000080900000| Untracked 
|  10|0x0000000080a00000, 0x0000000080b00000, 0x0000000080b00000|100%| O|  |TAMS 0x0000000080a00000| PB 0x0000000080a00000| Untracked 
|  11|0x0000000080b00000, 0x0000000080c00000, 0x0000000080c00000|100%| O|  |TAMS 0x0000000080b00000| PB 0x0000000080b00000| Untracked 
|  12|0x0000000080c00000, 0x0000000080d00000, 0x0000000080d00000|100%| O|  |TAMS 0x0000000080c00000| PB 0x0000000080c00000| Untracked 
|  13|0x0000000080d00000, 0x0000000080e00000, 0x0000000080e00000|100%| O|  |TAMS 0x0000000080d00000| PB 0x0000000080d00000| Untracked 
|  14|0x0000000080e00000, 0x0000000080f00000, 0x0000000080f00000|100%| O|  |TAMS 0x0000000080e00000| PB 0x0000000080e00000| Untracked 
|  15|0x0000000080f00000, 0x0000000081000000, 0x0000000081000000|100%| O|  |TAMS 0x0000000080f00000| PB 0x0000000080f00000| Untracked 
|  16|0x0000000081000000, 0x0000000081100000, 0x0000000081100000|100%| O|  |TAMS 0x0000000081000000| PB 0x0000000081000000| Untracked 
|  17|0x0000000081100000, 0x0000000081100000, 0x0000000081200000|  0%| F|  |TAMS 0x0000000081100000| PB 0x0000000081100000| Untracked 
|  18|0x0000000081200000, 0x0000000081300000, 0x0000000081300000|100%| O|  |TAMS 0x0000000081200000| PB 0x0000000081200000| Untracked 
|  19|0x0000000081300000, 0x0000000081400000, 0x0000000081400000|100%| O|  |TAMS 0x0000000081300000| PB 0x0000000081300000| Untracked 
|  20|0x0000000081400000, 0x0000000081500000, 0x0000000081500000|100%| O|  |TAMS 0x0000000081400000| PB 0x0000000081400000| Untracked 
|  21|0x0000000081500000, 0x0000000081600000, 0x0000000081600000|100%| O|  |TAMS 0x0000000081500000| PB 0x0000000081500000| Untracked 
|  22|0x0000000081600000, 0x0000000081700000, 0x0000000081700000|100%| O|  |TAMS 0x0000000081600000| PB 0x0000000081600000| Untracked 
|  23|0x0000000081700000, 0x0000000081800000, 0x0000000081800000|100%|HS|  |TAMS 0x0000000081700000| PB 0x0000000081700000| Complete 
|  24|0x0000000081800000, 0x0000000081900000, 0x0000000081900000|100%|HC|  |TAMS 0x0000000081800000| PB 0x0000000081800000| Complete 
|  25|0x0000000081900000, 0x0000000081a00000, 0x0000000081a00000|100%|HC|  |TAMS 0x0000000081900000| PB 0x0000000081900000| Complete 
|  26|0x0000000081a00000, 0x0000000081b00000, 0x0000000081b00000|100%|HC|  |TAMS 0x0000000081a00000| PB 0x0000000081a00000| Complete 
|  27|0x0000000081b00000, 0x0000000081c00000, 0x0000000081c00000|100%|HC|  |TAMS 0x0000000081b00000| PB 0x0000000081b00000| Complete 
|  28|0x0000000081c00000, 0x0000000081d00000, 0x0000000081d00000|100%|HC|  |TAMS 0x0000000081c00000| PB 0x0000000081c00000| Complete 
|  29|0x0000000081d00000, 0x0000000081e00000, 0x0000000081e00000|100%|HS|  |TAMS 0x0000000081d00000| PB 0x0000000081d00000| Complete 
|  30|0x0000000081e00000, 0x0000000081f00000, 0x0000000081f00000|100%|HS|  |TAMS 0x0000000081e00000| PB 0x0000000081e00000| Complete 
|  31|0x0000000081f00000, 0x0000000082000000, 0x0000000082000000|100%|HC|  |TAMS 0x0000000081f00000| PB 0x0000000081f00000| Complete 
|  32|0x0000000082000000, 0x0000000082100000, 0x0000000082100000|100%|HC|  |TAMS 0x0000000082000000| PB 0x0000000082000000| Complete 
|  33|0x0000000082100000, 0x0000000082200000, 0x0000000082200000|100%|HC|  |TAMS 0x0000000082100000| PB 0x0000000082100000| Complete 
|  34|0x0000000082200000, 0x0000000082300000, 0x0000000082300000|100%|HS|  |TAMS 0x0000000082200000| PB 0x0000000082200000| Complete 
|  35|0x0000000082300000, 0x0000000082400000, 0x0000000082400000|100%|HC|  |TAMS 0x0000000082300000| PB 0x0000000082300000| Complete 
|  36|0x0000000082400000, 0x0000000082500000, 0x0000000082500000|100%|HS|  |TAMS 0x0000000082400000| PB 0x0000000082400000| Complete 
|  37|0x0000000082500000, 0x0000000082600000, 0x0000000082600000|100%|HS|  |TAMS 0x0000000082500000| PB 0x0000000082500000| Complete 
|  38|0x0000000082600000, 0x0000000082700000, 0x0000000082700000|100%|HC|  |TAMS 0x0000000082600000| PB 0x0000000082600000| Complete 
|  39|0x0000000082700000, 0x0000000082800000, 0x0000000082800000|100%|HC|  |TAMS 0x0000000082700000| PB 0x0000000082700000| Complete 
|  40|0x0000000082800000, 0x0000000082900000, 0x0000000082900000|100%|HC|  |TAMS 0x0000000082800000| PB 0x0000000082800000| Complete 
|  41|0x0000000082900000, 0x0000000082a00000, 0x0000000082a00000|100%|HC|  |TAMS 0x0000000082900000| PB 0x0000000082900000| Complete 
|  42|0x0000000082a00000, 0x0000000082b00000, 0x0000000082b00000|100%|HC|  |TAMS 0x0000000082a00000| PB 0x0000000082a00000| Complete 
|  43|0x0000000082b00000, 0x0000000082c00000, 0x0000000082c00000|100%|HS|  |TAMS 0x0000000082b00000| PB 0x0000000082b00000| Complete 
|  44|0x0000000082c00000, 0x0000000082d00000, 0x0000000082d00000|100%|HS|  |TAMS 0x0000000082c00000| PB 0x0000000082c00000| Complete 
|  45|0x0000000082d00000, 0x0000000082e00000, 0x0000000082e00000|100%|HC|  |TAMS 0x0000000082d00000| PB 0x0000000082d00000| Complete 
|  46|0x0000000082e00000, 0x0000000082f00000, 0x0000000082f00000|100%|HC|  |TAMS 0x0000000082e00000| PB 0x0000000082e00000| Complete 
|  47|0x0000000082f00000, 0x0000000083000000, 0x0000000083000000|100%|HC|  |TAMS 0x0000000082f00000| PB 0x0000000082f00000| Complete 
|  48|0x0000000083000000, 0x0000000083100000, 0x0000000083100000|100%|HS|  |TAMS 0x0000000083000000| PB 0x0000000083000000| Complete 
|  49|0x0000000083100000, 0x0000000083200000, 0x0000000083200000|100%|HC|  |TAMS 0x0000000083100000| PB 0x0000000083100000| Complete 
|  50|0x0000000083200000, 0x0000000083300000, 0x0000000083300000|100%|HS|  |TAMS 0x0000000083200000| PB 0x0000000083200000| Complete 
|  51|0x0000000083300000, 0x0000000083400000, 0x0000000083400000|100%| O|  |TAMS 0x0000000083300000| PB 0x0000000083300000| Untracked 
|  52|0x0000000083400000, 0x0000000083500000, 0x0000000083500000|100%| O|  |TAMS 0x0000000083400000| PB 0x0000000083400000| Untracked 
|  53|0x0000000083500000, 0x0000000083600000, 0x0000000083600000|100%| O|  |TAMS 0x0000000083500000| PB 0x0000000083500000| Untracked 
|  54|0x0000000083600000, 0x0000000083700000, 0x0000000083700000|100%| O|  |TAMS 0x0000000083600000| PB 0x0000000083600000| Untracked 
|  55|0x0000000083700000, 0x0000000083800000, 0x0000000083800000|100%| O|  |TAMS 0x0000000083700000| PB 0x0000000083700000| Untracked 
|  56|0x0000000083800000, 0x0000000083900000, 0x0000000083900000|100%| O|  |TAMS 0x0000000083800000| PB 0x0000000083800000| Untracked 
|  57|0x0000000083900000, 0x0000000083917c90, 0x0000000083a00000|  9%| O|  |TAMS 0x0000000083900000| PB 0x0000000083900000| Untracked 
|  58|0x0000000083a00000, 0x0000000083a00000, 0x0000000083b00000|  0%| F|  |TAMS 0x0000000083a00000| PB 0x0000000083a00000| Untracked 
|  59|0x0000000083b00000, 0x0000000083b00000, 0x0000000083c00000|  0%| F|  |TAMS 0x0000000083b00000| PB 0x0000000083b00000| Untracked 
|  60|0x0000000083c00000, 0x0000000083c00000, 0x0000000083d00000|  0%| F|  |TAMS 0x0000000083c00000| PB 0x0000000083c00000| Untracked 
|  61|0x0000000083d00000, 0x0000000083d9b0a0, 0x0000000083e00000| 60%| S|CS|TAMS 0x0000000083d00000| PB 0x0000000083d00000| Complete 
|  62|0x0000000083e00000, 0x0000000083e00000, 0x0000000083f00000|  0%| F|  |TAMS 0x0000000083e00000| PB 0x0000000083e00000| Untracked 
|  63|0x0000000083f00000, 0x0000000083f00000, 0x0000000084000000|  0%| F|  |TAMS 0x0000000083f00000| PB 0x0000000083f00000| Untracked 
|  64|0x0000000084000000, 0x0000000084000000, 0x0000000084100000|  0%| F|  |TAMS 0x0000000084000000| PB 0x0000000084000000| Untracked 
|  65|0x0000000084100000, 0x0000000084100000, 0x0000000084200000|  0%| F|  |TAMS 0x0000000084100000| PB 0x0000000084100000| Untracked 
|  66|0x0000000084200000, 0x0000000084200000, 0x0000000084300000|  0%| F|  |TAMS 0x0000000084200000| PB 0x0000000084200000| Untracked 
|  67|0x0000000084300000, 0x0000000084300000, 0x0000000084400000|  0%| F|  |TAMS 0x0000000084300000| PB 0x0000000084300000| Untracked 
|  68|0x0000000084400000, 0x00000000844eb130, 0x0000000084500000| 91%| E|  |TAMS 0x0000000084400000| PB 0x0000000084400000| Complete 
|  69|0x0000000084500000, 0x0000000084600000, 0x0000000084600000|100%| E|CS|TAMS 0x0000000084500000| PB 0x0000000084500000| Complete 
|  70|0x0000000084600000, 0x0000000084700000, 0x0000000084700000|100%| E|CS|TAMS 0x0000000084600000| PB 0x0000000084600000| Complete 
|  71|0x0000000084700000, 0x0000000084800000, 0x0000000084800000|100%| E|CS|TAMS 0x0000000084700000| PB 0x0000000084700000| Complete 
|  72|0x0000000084800000, 0x0000000084900000, 0x0000000084900000|100%| E|CS|TAMS 0x0000000084800000| PB 0x0000000084800000| Complete 
|  73|0x0000000084900000, 0x0000000084a00000, 0x0000000084a00000|100%| E|CS|TAMS 0x0000000084900000| PB 0x0000000084900000| Complete 
|  74|0x0000000084a00000, 0x0000000084b00000, 0x0000000084b00000|100%| E|CS|TAMS 0x0000000084a00000| PB 0x0000000084a00000| Complete 
|  75|0x0000000084b00000, 0x0000000084c00000, 0x0000000084c00000|100%| E|CS|TAMS 0x0000000084b00000| PB 0x0000000084b00000| Complete 
|  76|0x0000000084c00000, 0x0000000084d00000, 0x0000000084d00000|100%| E|CS|TAMS 0x0000000084c00000| PB 0x0000000084c00000| Complete 
| 102|0x0000000086600000, 0x0000000086700000, 0x0000000086700000|100%| E|CS|TAMS 0x0000000086600000| PB 0x0000000086600000| Complete 
| 103|0x0000000086700000, 0x0000000086800000, 0x0000000086800000|100%| E|CS|TAMS 0x0000000086700000| PB 0x0000000086700000| Complete 
| 104|0x0000000086800000, 0x0000000086900000, 0x0000000086900000|100%| E|CS|TAMS 0x0000000086800000| PB 0x0000000086800000| Complete 
| 124|0x0000000087c00000, 0x0000000087d00000, 0x0000000087d00000|100%| E|CS|TAMS 0x0000000087c00000| PB 0x0000000087c00000| Complete 
| 125|0x0000000087d00000, 0x0000000087e00000, 0x0000000087e00000|100%| E|CS|TAMS 0x0000000087d00000| PB 0x0000000087d00000| Complete 
|2045|0x00000000ffd00000, 0x00000000ffe00000, 0x00000000ffe00000|100%| O|  |TAMS 0x00000000ffd00000| PB 0x00000000ffd00000| Untracked 
|2046|0x00000000ffe00000, 0x00000000fff00000, 0x00000000fff00000|100%| O|  |TAMS 0x00000000ffe00000| PB 0x00000000ffe00000| Untracked 
|2047|0x00000000fff00000, 0x0000000100000000, 0x0000000100000000|100%| O|  |TAMS 0x00000000fff00000| PB 0x00000000fff00000| Untracked 

Card table byte_map: [0x00000230bd650000,0x00000230bda50000] _byte_map_base: 0x00000230bd250000

Marking Bits: (CMBitMap*) 0x00000230aae19c50
 Bits: [0x00000230bda50000, 0x00000230bfa50000)

Polling page: 0x00000230a8c40000

Metaspace:

Usage:
  Non-class:     34.62 MB used.
      Class:      5.48 MB used.
       Both:     40.10 MB used.

Virtual space:
  Non-class space:       64.00 MB reserved,      35.12 MB ( 55%) committed,  1 nodes.
      Class space:        1.00 GB reserved,       5.94 MB ( <1%) committed,  1 nodes.
             Both:        1.06 GB reserved,      41.06 MB (  4%) committed. 

Chunk freelists:
   Non-Class:  12.36 MB
       Class:  10.03 MB
        Both:  22.39 MB

MaxMetaspaceSize: unlimited
CompressedClassSpaceSize: 1.00 GB
Initial GC threshold: 21.00 MB
Current GC threshold: 58.75 MB
CDS: off
 - commit_granule_bytes: 65536.
 - commit_granule_words: 8192.
 - virtual_space_node_default_size: 8388608.
 - enlarge_chunks_in_place: 1.
 - use_allocation_guard: 0.


Internal statistics:

num_allocs_failed_limit: 6.
num_arena_births: 1658.
num_arena_deaths: 0.
num_vsnodes_births: 2.
num_vsnodes_deaths: 0.
num_space_committed: 657.
num_space_uncommitted: 0.
num_chunks_returned_to_freelist: 6.
num_chunks_taken_from_freelist: 3135.
num_chunk_merges: 6.
num_chunk_splits: 1981.
num_chunks_enlarged: 1213.
num_inconsistent_stats: 0.

CodeHeap 'non-profiled nmethods': size=120000Kb used=2027Kb max_used=2027Kb free=117972Kb
 bounds [0x00000230b59f0000, 0x00000230b5c60000, 0x00000230bcf20000]
CodeHeap 'profiled nmethods': size=120000Kb used=6940Kb max_used=6940Kb free=113059Kb
 bounds [0x00000230adf20000, 0x00000230ae5f0000, 0x00000230b5450000]
CodeHeap 'non-nmethods': size=5760Kb used=1669Kb max_used=1694Kb free=4090Kb
 bounds [0x00000230b5450000, 0x00000230b56c0000, 0x00000230b59f0000]
 total_blobs=4116 nmethods=3523 adapters=497
 compilation: enabled
              stopped_count=0, restarted_count=0
 full_count=0

Compilation events (20 events):
Event: 18.713 Thread 0x00000230c26a01d0 3903       3       java.util.stream.AbstractPipeline::sequential (10 bytes)
Event: 18.713 Thread 0x00000230c26a01d0 nmethod 3903 0x00000230ae5d2910 code [0x00000230ae5d2aa0, 0x00000230ae5d2bb8]
Event: 18.741 Thread 0x00000230c26a01d0 3904       3       jdk.internal.loader.URLClassPath$1::next (59 bytes)
Event: 18.741 Thread 0x00000230c26a01d0 nmethod 3904 0x00000230ae5d2c90 code [0x00000230ae5d2e80, 0x00000230ae5d3280]
Event: 18.741 Thread 0x00000230c26a01d0 3905   !   3       java.lang.invoke.MethodHandles$Lookup::revealDirect (196 bytes)
Event: 18.743 Thread 0x00000230c26a01d0 nmethod 3905 0x00000230ae5d3390 code [0x00000230ae5d36e0, 0x00000230ae5d4908]
Event: 18.743 Thread 0x00000230c26a01d0 3909   !   2       jdk.internal.loader.URLClassPath$JarLoader::checkResource (73 bytes)
Event: 18.744 Thread 0x00000230c26a01d0 nmethod 3909 0x00000230ae5d5010 code [0x00000230ae5d5220, 0x00000230ae5d5770]
Event: 18.744 Thread 0x00000230c26a01d0 3910       3       java.lang.invoke.InnerClassLambdaMetafactory$ForwardingMethodGenerator::convertArgumentTypes (96 bytes)
Event: 18.745 Thread 0x00000230c26a01d0 nmethod 3910 0x00000230ae5d5a10 code [0x00000230ae5d5c80, 0x00000230ae5d6698]
Event: 18.745 Thread 0x00000230c26a01d0 3906       3       java.lang.invoke.InnerClassLambdaMetafactory::lambdaClassName (48 bytes)
Event: 18.746 Thread 0x00000230c26a01d0 nmethod 3906 0x00000230ae5d6c10 code [0x00000230ae5d6e60, 0x00000230ae5d7510]
Event: 18.746 Thread 0x00000230c26a01d0 3912       3       jdk.internal.loader.Resource::<init> (5 bytes)
Event: 18.746 Thread 0x00000230c26a01d0 nmethod 3912 0x00000230ae5d7810 code [0x00000230ae5d79c0, 0x00000230ae5d7b28]
Event: 18.746 Thread 0x00000230c26a01d0 3907   !   3       java.lang.invoke.InnerClassLambdaMetafactory::buildCallSite (150 bytes)
Event: 18.748 Thread 0x00000230c26a01d0 nmethod 3907 0x00000230ae5d7c10 code [0x00000230ae5d8020, 0x00000230ae5d9998]
Event: 18.748 Thread 0x00000230c26a01d0 3908       3       java.lang.invoke.InnerClassLambdaMetafactory::getReturnOpcode (20 bytes)
Event: 18.748 Thread 0x00000230c26a01d0 nmethod 3908 0x00000230ae5da710 code [0x00000230ae5da8c0, 0x00000230ae5daa40]
Event: 18.748 Thread 0x00000230c26a01d0 3911       3       java.lang.invoke.InnerClassLambdaMetafactory$ForwardingMethodGenerator::invocationOpcode (104 bytes)
Event: 18.749 Thread 0x00000230c26a01d0 nmethod 3911 0x00000230ae5dab10 code [0x00000230ae5dad80, 0x00000230ae5db500]

GC Heap History (18 events):
Event: 1.454 GC heap before
{Heap before GC invocations=0 (full 0):
 garbage-first heap   total 129024K, used 22528K [0x0000000080000000, 0x0000000100000000)
  region size 1024K, 23 young (23552K), 0 survivors (0K)
 Metaspace       used 7990K, committed 8128K, reserved 1114112K
  class space    used 712K, committed 768K, reserved 1048576K
}
Event: 1.459 GC heap after
{Heap after GC invocations=1 (full 0):
 garbage-first heap   total 129024K, used 2645K [0x0000000080000000, 0x0000000100000000)
  region size 1024K, 3 young (3072K), 3 survivors (3072K)
 Metaspace       used 7990K, committed 8128K, reserved 1114112K
  class space    used 712K, committed 768K, reserved 1048576K
}
Event: 3.379 GC heap before
{Heap before GC invocations=1 (full 0):
 garbage-first heap   total 129024K, used 40533K [0x0000000080000000, 0x0000000100000000)
  region size 1024K, 38 young (38912K), 3 survivors (3072K)
 Metaspace       used 12214K, committed 12480K, reserved 1114112K
  class space    used 1285K, committed 1408K, reserved 1048576K
}
Event: 3.387 GC heap after
{Heap after GC invocations=2 (full 0):
 garbage-first heap   total 129024K, used 11099K [0x0000000080000000, 0x0000000100000000)
  region size 1024K, 5 young (5120K), 5 survivors (5120K)
 Metaspace       used 12214K, committed 12480K, reserved 1114112K
  class space    used 1285K, committed 1408K, reserved 1048576K
}
Event: 4.579 GC heap before
{Heap before GC invocations=2 (full 0):
 garbage-first heap   total 129024K, used 61275K [0x0000000080000000, 0x0000000100000000)
  region size 1024K, 52 young (53248K), 5 survivors (5120K)
 Metaspace       used 14806K, committed 15104K, reserved 1114112K
  class space    used 1616K, committed 1792K, reserved 1048576K
}
Event: 4.593 GC heap after
{Heap after GC invocations=3 (full 0):
 garbage-first heap   total 129024K, used 18252K [0x0000000080000000, 0x0000000100000000)
  region size 1024K, 6 young (6144K), 6 survivors (6144K)
 Metaspace       used 14806K, committed 15104K, reserved 1114112K
  class space    used 1616K, committed 1792K, reserved 1048576K
}
Event: 5.811 GC heap before
{Heap before GC invocations=3 (full 0):
 garbage-first heap   total 129024K, used 37708K [0x0000000080000000, 0x0000000100000000)
  region size 1024K, 27 young (27648K), 6 survivors (6144K)
 Metaspace       used 21130K, committed 21504K, reserved 1114112K
  class space    used 2411K, committed 2624K, reserved 1048576K
}
Event: 5.818 GC heap after
{Heap after GC invocations=4 (full 0):
 garbage-first heap   total 129024K, used 20538K [0x0000000080000000, 0x0000000100000000)
  region size 1024K, 3 young (3072K), 3 survivors (3072K)
 Metaspace       used 21130K, committed 21504K, reserved 1114112K
  class space    used 2411K, committed 2624K, reserved 1048576K
}
Event: 9.676 GC heap before
{Heap before GC invocations=5 (full 0):
 garbage-first heap   total 71680K, used 69690K [0x0000000080000000, 0x0000000100000000)
  region size 1024K, 52 young (53248K), 3 survivors (3072K)
 Metaspace       used 29136K, committed 29696K, reserved 1114112K
  class space    used 3668K, committed 3968K, reserved 1048576K
}
Event: 9.683 GC heap after
{Heap after GC invocations=6 (full 0):
 garbage-first heap   total 77824K, used 23429K [0x0000000080000000, 0x0000000100000000)
  region size 1024K, 6 young (6144K), 6 survivors (6144K)
 Metaspace       used 29136K, committed 29696K, reserved 1114112K
  class space    used 3668K, committed 3968K, reserved 1048576K
}
Event: 12.789 GC heap before
{Heap before GC invocations=6 (full 0):
 garbage-first heap   total 77824K, used 61317K [0x0000000080000000, 0x0000000100000000)
  region size 1024K, 43 young (44032K), 6 survivors (6144K)
 Metaspace       used 34073K, committed 34880K, reserved 1114112K
  class space    used 4504K, committed 4928K, reserved 1048576K
}
Event: 12.795 GC heap after
{Heap after GC invocations=7 (full 0):
 garbage-first heap   total 77824K, used 25475K [0x0000000080000000, 0x0000000100000000)
  region size 1024K, 6 young (6144K), 6 survivors (6144K)
 Metaspace       used 34073K, committed 34880K, reserved 1114112K
  class space    used 4504K, committed 4928K, reserved 1048576K
}
Event: 14.437 GC heap before
{Heap before GC invocations=7 (full 0):
 garbage-first heap   total 77824K, used 31619K [0x0000000080000000, 0x0000000100000000)
  region size 1024K, 13 young (13312K), 6 survivors (6144K)
 Metaspace       used 35128K, committed 35968K, reserved 1114112K
  class space    used 4694K, committed 5120K, reserved 1048576K
}
Event: 14.442 GC heap after
{Heap after GC invocations=8 (full 0):
 garbage-first heap   total 77824K, used 26363K [0x0000000080000000, 0x0000000100000000)
  region size 1024K, 4 young (4096K), 4 survivors (4096K)
 Metaspace       used 35128K, committed 35968K, reserved 1114112K
  class space    used 4694K, committed 5120K, reserved 1048576K
}
Event: 15.991 GC heap before
{Heap before GC invocations=9 (full 0):
 garbage-first heap   total 77824K, used 75515K [0x0000000080000000, 0x0000000100000000)
  region size 1024K, 25 young (25600K), 4 survivors (4096K)
 Metaspace       used 36932K, committed 37888K, reserved 1114112K
  class space    used 5011K, committed 5504K, reserved 1048576K
}
Event: 15.999 GC heap after
{Heap after GC invocations=10 (full 0):
 garbage-first heap   total 87040K, used 60669K [0x0000000080000000, 0x0000000100000000)
  region size 1024K, 6 young (6144K), 6 survivors (6144K)
 Metaspace       used 36932K, committed 37888K, reserved 1114112K
  class space    used 5011K, committed 5504K, reserved 1048576K
}
Event: 17.100 GC heap before
{Heap before GC invocations=10 (full 0):
 garbage-first heap   total 87040K, used 75005K [0x0000000080000000, 0x0000000100000000)
  region size 1024K, 20 young (20480K), 6 survivors (6144K)
 Metaspace       used 38947K, committed 39936K, reserved 1114112K
  class space    used 5275K, committed 5760K, reserved 1048576K
}
Event: 17.103 GC heap after
{Heap after GC invocations=11 (full 0):
 garbage-first heap   total 87040K, used 61131K [0x0000000080000000, 0x0000000100000000)
  region size 1024K, 1 young (1024K), 1 survivors (1024K)
 Metaspace       used 38947K, committed 39936K, reserved 1114112K
  class space    used 5275K, committed 5760K, reserved 1048576K
}

Dll operation events (3 events):
Event: 0.435 Loaded shared library D:\APP DESARROLLO EPIS 2025\ANDROID STUDIO\jbr\bin\java.dll
Event: 0.444 Loaded shared library D:\APP DESARROLLO EPIS 2025\ANDROID STUDIO\jbr\bin\zip.dll
Event: 1.638 Loaded shared library D:\APP DESARROLLO EPIS 2025\ANDROID STUDIO\jbr\bin\verify.dll

Deoptimization events (20 events):
Event: 18.313 Thread 0x00000230c8abb6b0 DEOPT PACKING pc=0x00000230b5bb7f7c sp=0x000000dcc3cf8b10
Event: 18.313 Thread 0x00000230c8abb6b0 DEOPT UNPACKING pc=0x00000230b54a7da2 sp=0x000000dcc3cf8a10 mode 2
Event: 18.313 Thread 0x00000230c8abb6b0 Uncommon trap: trap_request=0xffffffde fr.pc=0x00000230b5a5f65c relative=0x000000000000107c
Event: 18.313 Thread 0x00000230c8abb6b0 Uncommon trap: reason=class_check action=maybe_recompile pc=0x00000230b5a5f65c method=jdk.internal.loader.URLClassPath.getLoader(I)Ljdk/internal/loader/URLClassPath$Loader; @ 88 c2
Event: 18.313 Thread 0x00000230c8abb6b0 DEOPT PACKING pc=0x00000230b5a5f65c sp=0x000000dcc3cf8dd0
Event: 18.313 Thread 0x00000230c8abb6b0 DEOPT UNPACKING pc=0x00000230b54a7da2 sp=0x000000dcc3cf8dc0 mode 2
Event: 18.313 Thread 0x00000230c8abb6b0 Uncommon trap: trap_request=0xffffffde fr.pc=0x00000230b5a6d19c relative=0x00000000000000dc
Event: 18.313 Thread 0x00000230c8abb6b0 Uncommon trap: reason=class_check action=maybe_recompile pc=0x00000230b5a6d19c method=jdk.internal.loader.URLClassPath.getResource(Ljava/lang/String;Z)Ljdk/internal/loader/Resource; @ 53 c2
Event: 18.313 Thread 0x00000230c8abb6b0 DEOPT PACKING pc=0x00000230b5a6d19c sp=0x000000dcc3cf8e90
Event: 18.313 Thread 0x00000230c8abb6b0 DEOPT UNPACKING pc=0x00000230b54a7da2 sp=0x000000dcc3cf8e10 mode 2
Event: 18.314 Thread 0x00000230c8abb6b0 DEOPT PACKING pc=0x00000230ae2f8ad4 sp=0x000000dcc3cf8ee0
Event: 18.315 Thread 0x00000230c8abb6b0 DEOPT UNPACKING pc=0x00000230b54a88e2 sp=0x000000dcc3cf8458 mode 0
Event: 18.335 Thread 0x00000230c8abb6b0 Uncommon trap: trap_request=0xffffff45 fr.pc=0x00000230b5b13618 relative=0x00000000000000f8
Event: 18.335 Thread 0x00000230c8abb6b0 Uncommon trap: reason=unstable_if action=reinterpret pc=0x00000230b5b13618 method=java.lang.ClassLoader.getClassLoadingLock(Ljava/lang/String;)Ljava/lang/Object; @ 6 c2
Event: 18.335 Thread 0x00000230c8abb6b0 DEOPT PACKING pc=0x00000230b5b13618 sp=0x000000dcc3cf7530
Event: 18.335 Thread 0x00000230c8abb6b0 DEOPT UNPACKING pc=0x00000230b54a7da2 sp=0x000000dcc3cf74b0 mode 2
Event: 18.336 Thread 0x00000230c8abb6b0 Uncommon trap: trap_request=0xffffff45 fr.pc=0x00000230b5ba96b4 relative=0x0000000000000914
Event: 18.336 Thread 0x00000230c8abb6b0 Uncommon trap: reason=unstable_if action=reinterpret pc=0x00000230b5ba96b4 method=java.lang.Class.getPackageName()Ljava/lang/String; @ 55 c2
Event: 18.336 Thread 0x00000230c8abb6b0 DEOPT PACKING pc=0x00000230b5ba96b4 sp=0x000000dcc3cf8c70
Event: 18.336 Thread 0x00000230c8abb6b0 DEOPT UNPACKING pc=0x00000230b54a7da2 sp=0x000000dcc3cf8c40 mode 2

Classes loaded (20 events):
Event: 18.313 Loading class jdk/internal/loader/URLClassPath$FileLoader$1
Event: 18.313 Loading class jdk/internal/loader/URLClassPath$FileLoader$1 done
Event: 18.451 Loading class java/beans/Transient
Event: 18.451 Loading class java/beans/Transient done
Event: 18.482 Loading class java/util/stream/IntPipeline$1
Event: 18.482 Loading class java/util/stream/IntPipeline$1 done
Event: 18.482 Loading class java/util/stream/IntPipeline$1$1
Event: 18.482 Loading class java/util/stream/Sink$ChainedInt
Event: 18.482 Loading class java/util/stream/Sink$OfInt
Event: 18.482 Loading class java/util/stream/Sink$OfInt done
Event: 18.482 Loading class java/util/stream/Sink$ChainedInt done
Event: 18.482 Loading class java/util/stream/IntPipeline$1$1 done
Event: 18.534 Loading class java/lang/IllegalAccessError
Event: 18.534 Loading class java/lang/IllegalAccessError done
Event: 18.577 Loading class java/lang/Process
Event: 18.577 Loading class java/lang/Process done
Event: 18.577 Loading class java/lang/ProcessBuilder
Event: 18.577 Loading class java/lang/ProcessBuilder done
Event: 18.906 Loading class java/util/EventListener
Event: 18.906 Loading class java/util/EventListener done

Classes unloaded (0 events):
No events

Classes redefined (0 events):
No events

Internal exceptions (20 events):
Event: 15.082 Thread 0x00000230c8abb6b0 Exception <a 'java/lang/NoSuchMethodError'{0x0000000083c99650}: static Lorg/gradle/tooling/internal/consumer/versioning/VersionDetails;.<clinit>()V> (0x0000000083c99650) 
thrown [s\src\hotspot\share\prims\jni.cpp, line 1139]
Event: 15.083 Thread 0x00000230c8abb6b0 Exception <a 'java/lang/NoSuchMethodError'{0x0000000083c9c2c0}: static Lorg/gradle/tooling/internal/consumer/versioning/VersionDetails$R26VersionDetails;.<clinit>()V> (0x0000000083c9c2c0) 
thrown [s\src\hotspot\share\prims\jni.cpp, line 1139]
Event: 15.083 Thread 0x00000230c8abb6b0 Exception <a 'java/lang/NoSuchMethodError'{0x0000000083c9d958}: static Lorg/gradle/tooling/internal/consumer/versioning/VersionDetails$R28VersionDetails;.<clinit>()V> (0x0000000083c9d958) 
thrown [s\src\hotspot\share\prims\jni.cpp, line 1139]
Event: 15.083 Thread 0x00000230c8abb6b0 Exception <a 'java/lang/NoSuchMethodError'{0x0000000083c9ef00}: static Lorg/gradle/tooling/internal/consumer/versioning/VersionDetails$R35VersionDetails;.<clinit>()V> (0x0000000083c9ef00) 
thrown [s\src\hotspot\share\prims\jni.cpp, line 1139]
Event: 15.083 Thread 0x00000230c8abb6b0 Exception <a 'java/lang/NoSuchMethodError'{0x0000000083ca0670}: static Lorg/gradle/tooling/internal/consumer/versioning/VersionDetails$R44VersionDetails;.<clinit>()V> (0x0000000083ca0670) 
thrown [s\src\hotspot\share\prims\jni.cpp, line 1139]
Event: 15.084 Thread 0x00000230c8abb6b0 Exception <a 'java/lang/NoSuchMethodError'{0x0000000083ca1d18}: static Lorg/gradle/tooling/internal/consumer/versioning/VersionDetails$R48VersionDetails;.<clinit>()V> (0x0000000083ca1d18) 
thrown [s\src\hotspot\share\prims\jni.cpp, line 1139]
Event: 15.084 Thread 0x00000230c8abb6b0 Exception <a 'java/lang/NoSuchMethodError'{0x0000000083ca2fb0}: static Lorg/gradle/tooling/internal/consumer/versioning/VersionDetails$R51VersionDetails;.<clinit>()V> (0x0000000083ca2fb0) 
thrown [s\src\hotspot\share\prims\jni.cpp, line 1139]
Event: 15.090 Thread 0x00000230c8abb6b0 Exception <a 'java/lang/NoSuchMethodError'{0x0000000083cc6b80}: 'java.lang.Object java.lang.invoke.DirectMethodHandle$Holder.newInvokeSpecial(java.lang.Object, java.lang.Object, java.lang.Object, int)'> (0x0000000083cc6b80) 
thrown [s\src\hotspot\share\interpreter\linkResolver.cpp, line 784]
Event: 15.091 Thread 0x00000230c8abb6b0 Exception <a 'java/lang/NoSuchMethodError'{0x0000000083ccafe8}: 'java.lang.Object java.lang.invoke.DirectMethodHandle$Holder.invokeSpecial(java.lang.Object, java.lang.Object, java.lang.Object, java.lang.Object, int)'> (0x0000000083ccafe8) 
thrown [s\src\hotspot\share\interpreter\linkResolver.cpp, line 784]
Event: 15.092 Thread 0x00000230c8abb6b0 Exception <a 'java/lang/NoSuchMethodError'{0x0000000083ccebf0}: 'java.lang.Object java.lang.invoke.Invokers$Holder.linkToTargetMethod(java.lang.Object, java.lang.Object, int, java.lang.Object)'> (0x0000000083ccebf0) 
thrown [s\src\hotspot\share\interpreter\linkResolver.cpp, line 784]
Event: 15.746 Thread 0x00000230c8abb6b0 Exception <a 'java/lang/NoSuchMethodError'{0x000000008358ef08}: 'void java.lang.invoke.DirectMethodHandle$Holder.invokeStaticInit(java.lang.Object, java.lang.Object, java.lang.Object, java.lang.Object)'> (0x000000008358ef08) 
thrown [s\src\hotspot\share\interpreter\linkResolver.cpp, line 784]
Event: 16.188 Thread 0x00000230c8abb6b0 Exception <a 'java/lang/NoSuchMethodError'{0x0000000086679108}: 'void java.lang.invoke.DirectMethodHandle$Holder.invokeInterface(java.lang.Object, java.lang.Object, java.lang.Object, java.lang.Object, java.lang.Object)'> (0x0000000086679108) 
thrown [s\src\hotspot\share\interpreter\linkResolver.cpp, line 784]
Event: 16.192 Thread 0x00000230c8abb6b0 Exception <a 'java/lang/NoSuchMethodError'{0x00000000866c41f0}: 'void java.lang.invoke.DirectMethodHandle$Holder.invokeStatic(java.lang.Object, java.lang.Object, java.lang.Object, java.lang.Object, java.lang.Object, java.lang.Object)'> (0x00000000866c41f0) 
thrown [s\src\hotspot\share\interpreter\linkResolver.cpp, line 784]
Event: 17.091 Thread 0x00000230c8abb6b0 Exception <a 'java/lang/IncompatibleClassChangeError'{0x0000000083ea28e0}: Found class java.lang.Object, but interface was expected> (0x0000000083ea28e0) 
thrown [s\src\hotspot\share\interpreter\linkResolver.cpp, line 851]
Event: 17.267 Thread 0x00000230c8abb6b0 Exception <a 'java/lang/NoSuchMethodError'{0x0000000087c41058}: 'java.lang.Object java.lang.invoke.DirectMethodHandle$Holder.invokeVirtual(java.lang.Object, java.lang.Object, int)'> (0x0000000087c41058) 
thrown [s\src\hotspot\share\interpreter\linkResolver.cpp, line 784]
Event: 17.270 Thread 0x00000230c8abb6b0 Exception <a 'java/lang/NoSuchMethodError'{0x0000000087c74718}: 'void java.lang.invoke.DirectMethodHandle$Holder.invokeStatic(java.lang.Object, java.lang.Object, java.lang.Object, int)'> (0x0000000087c74718) 
thrown [s\src\hotspot\share\interpreter\linkResolver.cpp, line 784]
Event: 18.311 Thread 0x00000230c8abb6b0 Exception <a 'java/lang/NoSuchMethodError'{0x000000008668aef0}: 'void java.lang.invoke.DirectMethodHandle$Holder.invokeInterface(java.lang.Object, java.lang.Object, java.lang.Object, java.lang.Object, java.lang.Object, java.lang.Object, java.lang.Object)'> (0x000000008668aef0) 
thrown [s\src\hotspot\share\interpreter\linkResolver.cpp, line 784]
Event: 18.311 Thread 0x00000230c8abb6b0 Exception <a 'java/lang/NoSuchMethodError'{0x000000008668fdd8}: 'void java.lang.invoke.DelegatingMethodHandle$Holder.reinvoke_L(java.lang.Object, java.lang.Object, java.lang.Object, java.lang.Object, java.lang.Object, java.lang.Object, java.lang.Object)'> (0x000000008668fdd8) 
thrown [s\src\hotspot\share\interpreter\linkResolver.cpp, line 784]
Event: 18.577 Thread 0x00000230c8abb6b0 Exception <a 'java/lang/NoSuchMethodError'{0x0000000084bb7ce0}: 'java.lang.Object java.lang.invoke.DirectMethodHandle$Holder.invokeStaticInit(java.lang.Object, java.lang.Object, java.lang.Object, java.lang.Object, java.lang.Object, java.lang.Object, java.lang.Object)'> (0x0000000084bb7ce0) 
thrown [s\src\hotspot\share\interpreter\linkResolver.cpp, line 784]
Event: 18.597 Thread 0x00000230c8abb6b0 Exception <a 'java/lang/NoSuchMethodError'{0x0000000084bdfbf8}: 'java.lang.Object java.lang.invoke.DirectMethodHandle$Holder.invokeSpecial(java.lang.Object, java.lang.Object, java.lang.Object, int, java.lang.Object, java.lang.Object)'> (0x0000000084bdfbf8) 
thrown [s\src\hotspot\share\interpreter\linkResolver.cpp, line 784]

ZGC Phase Switch (0 events):
No events

VM Operations (20 events):
Event: 14.455 Executing VM operation: G1PauseRemark
Event: 14.458 Executing VM operation: G1PauseRemark done
Event: 14.464 Executing VM operation: G1PauseCleanup
Event: 14.464 Executing VM operation: G1PauseCleanup done
Event: 15.991 Executing VM operation: G1CollectForAllocation (G1 Evacuation Pause)
Event: 15.999 Executing VM operation: G1CollectForAllocation (G1 Evacuation Pause) done
Event: 16.134 Executing VM operation: HandshakeAllThreads (Deoptimize)
Event: 16.134 Executing VM operation: HandshakeAllThreads (Deoptimize) done
Event: 17.094 Executing VM operation: HandshakeAllThreads (Deoptimize)
Event: 17.094 Executing VM operation: HandshakeAllThreads (Deoptimize) done
Event: 17.094 Executing VM operation: Cleanup
Event: 17.094 Executing VM operation: Cleanup done
Event: 17.100 Executing VM operation: G1CollectForAllocation (G1 Evacuation Pause)
Event: 17.103 Executing VM operation: G1CollectForAllocation (G1 Evacuation Pause) done
Event: 18.314 Executing VM operation: HandshakeAllThreads (Deoptimize)
Event: 18.314 Executing VM operation: HandshakeAllThreads (Deoptimize) done
Event: 18.314 Executing VM operation: Cleanup
Event: 18.314 Executing VM operation: Cleanup done
Event: 18.314 Executing VM operation: HandshakeAllThreads (Deoptimize)
Event: 18.314 Executing VM operation: HandshakeAllThreads (Deoptimize) done

Memory protections (0 events):
No events

Nmethod flushes (20 events):
Event: 14.458 Thread 0x00000230c2489590 flushing  nmethod 0x00000230ae064690
Event: 14.458 Thread 0x00000230c2489590 flushing  nmethod 0x00000230ae066690
Event: 14.458 Thread 0x00000230c2489590 flushing  nmethod 0x00000230ae0b8310
Event: 14.458 Thread 0x00000230c2489590 flushing  nmethod 0x00000230ae0fa490
Event: 14.458 Thread 0x00000230c2489590 flushing  nmethod 0x00000230ae0fb210
Event: 14.458 Thread 0x00000230c2489590 flushing  nmethod 0x00000230ae0fb610
Event: 14.458 Thread 0x00000230c2489590 flushing  nmethod 0x00000230ae0fd210
Event: 14.458 Thread 0x00000230c2489590 flushing  nmethod 0x00000230ae101010
Event: 14.458 Thread 0x00000230c2489590 flushing  nmethod 0x00000230ae101890
Event: 14.458 Thread 0x00000230c2489590 flushing  nmethod 0x00000230ae15dc90
Event: 14.458 Thread 0x00000230c2489590 flushing  nmethod 0x00000230ae15e310
Event: 14.458 Thread 0x00000230c2489590 flushing  nmethod 0x00000230ae161910
Event: 14.458 Thread 0x00000230c2489590 flushing  nmethod 0x00000230ae1c6f90
Event: 14.458 Thread 0x00000230c2489590 flushing  nmethod 0x00000230ae25ef10
Event: 14.458 Thread 0x00000230c2489590 flushing  nmethod 0x00000230ae261410
Event: 14.458 Thread 0x00000230c2489590 flushing  nmethod 0x00000230ae262190
Event: 14.458 Thread 0x00000230c2489590 flushing  nmethod 0x00000230ae262790
Event: 14.458 Thread 0x00000230c2489590 flushing  nmethod 0x00000230ae267410
Event: 14.458 Thread 0x00000230c2489590 flushing  nmethod 0x00000230ae38da90
Event: 14.458 Thread 0x00000230c2489590 flushing  nmethod 0x00000230ae390c90

Events (20 events):
Event: 7.695 Thread 0x00000230c8ab03f0 Thread added: 0x00000230c8ab0a80
Event: 8.078 Thread 0x00000230c8643380 Thread exited: 0x00000230c8643380
Event: 8.499 Thread 0x00000230c26a01d0 Thread added: 0x00000230c8f97cb0
Event: 9.637 Thread 0x00000230c8f97cb0 Thread exited: 0x00000230c8f97cb0
Event: 9.723 Thread 0x00000230c26a01d0 Thread added: 0x00000230c948d670
Event: 10.728 Thread 0x00000230c948d670 Thread exited: 0x00000230c948d670
Event: 12.287 Thread 0x00000230c8abb6b0 Thread added: 0x00000230c8aaf6d0
Event: 12.339 Thread 0x00000230c8abb6b0 Thread added: 0x00000230c8aafd60
Event: 13.042 Thread 0x00000230c8abb6b0 Thread added: 0x00000230c9c445f0
Event: 13.048 Thread 0x00000230c8abb6b0 Thread added: 0x00000230c9c49b40
Event: 14.433 Thread 0x00000230c26a01d0 Thread added: 0x00000230c948cfa0
Event: 14.487 Thread 0x00000230c8abb6b0 Thread added: 0x00000230c9c46d50
Event: 14.488 Thread 0x00000230c8abb6b0 Thread added: 0x00000230c9c48790
Event: 14.488 Thread 0x00000230c8abb6b0 Thread added: 0x00000230c9c44c80
Event: 14.488 Thread 0x00000230c8abb6b0 Thread added: 0x00000230c9c4bc10
Event: 14.488 Thread 0x00000230c8abb6b0 Thread added: 0x00000230c9c46030
Event: 14.488 Thread 0x00000230c8abb6b0 Thread added: 0x00000230c9c466c0
Event: 14.488 Thread 0x00000230c8abb6b0 Thread added: 0x00000230c9c473e0
Event: 14.488 Thread 0x00000230c8abb6b0 Thread added: 0x00000230c9c4a1d0
Event: 15.027 Thread 0x00000230c948cfa0 Thread exited: 0x00000230c948cfa0


Dynamic libraries:
0x00007ff688c00000 - 0x00007ff688c0a000 	D:\APP DESARROLLO EPIS 2025\ANDROID STUDIO\jbr\bin\java.exe
0x00007ff96be90000 - 0x00007ff96c088000 	C:\Windows\SYSTEM32\ntdll.dll
0x00007ff96ae40000 - 0x00007ff96af02000 	C:\Windows\System32\KERNEL32.DLL
0x00007ff9695d0000 - 0x00007ff9698c6000 	C:\Windows\System32\KERNELBASE.dll
0x00007ff969d10000 - 0x00007ff969e10000 	C:\Windows\System32\ucrtbase.dll
0x00007ff9318b0000 - 0x00007ff9318cb000 	D:\APP DESARROLLO EPIS 2025\ANDROID STUDIO\jbr\bin\VCRUNTIME140.dll
0x00007ff951ae0000 - 0x00007ff951af8000 	D:\APP DESARROLLO EPIS 2025\ANDROID STUDIO\jbr\bin\jli.dll
0x00007ff96a180000 - 0x00007ff96a31d000 	C:\Windows\System32\USER32.dll
0x00007ff951500000 - 0x00007ff95179b000 	C:\Windows\WinSxS\amd64_microsoft.windows.common-controls_6595b64144ccf1df_6.0.19041.6280_none_60bc30a171f2f3f3\COMCTL32.dll
0x00007ff969ce0000 - 0x00007ff969d02000 	C:\Windows\System32\win32u.dll
0x00007ff96b450000 - 0x00007ff96b4ee000 	C:\Windows\System32\msvcrt.dll
0x00007ff96acd0000 - 0x00007ff96acfb000 	C:\Windows\System32\GDI32.dll
0x00007ff969bc0000 - 0x00007ff969cd9000 	C:\Windows\System32\gdi32full.dll
0x00007ff969530000 - 0x00007ff9695cd000 	C:\Windows\System32\msvcp_win.dll
0x00007ff96aaf0000 - 0x00007ff96ab1f000 	C:\Windows\System32\IMM32.DLL
0x00007ff965860000 - 0x00007ff96586c000 	D:\APP DESARROLLO EPIS 2025\ANDROID STUDIO\jbr\bin\vcruntime140_1.dll
0x00007ff9456f0000 - 0x00007ff94577d000 	D:\APP DESARROLLO EPIS 2025\ANDROID STUDIO\jbr\bin\msvcp140.dll
0x00007ff912480000 - 0x00007ff91310b000 	D:\APP DESARROLLO EPIS 2025\ANDROID STUDIO\jbr\bin\server\jvm.dll
0x00007ff96a320000 - 0x00007ff96a3d1000 	C:\Windows\System32\ADVAPI32.dll
0x00007ff96ad00000 - 0x00007ff96ad9f000 	C:\Windows\System32\sechost.dll
0x00007ff96bd30000 - 0x00007ff96be50000 	C:\Windows\System32\RPCRT4.dll
0x00007ff9698d0000 - 0x00007ff9698f7000 	C:\Windows\System32\bcrypt.dll
0x00007ff96aa80000 - 0x00007ff96aaeb000 	C:\Windows\System32\WS2_32.dll
0x00007ff968a70000 - 0x00007ff968abb000 	C:\Windows\SYSTEM32\POWRPROF.dll
0x00007ff9517b0000 - 0x00007ff9517d7000 	C:\Windows\SYSTEM32\WINMM.dll
0x00007ff963b80000 - 0x00007ff963b8a000 	C:\Windows\SYSTEM32\VERSION.dll
0x00007ff968930000 - 0x00007ff968942000 	C:\Windows\SYSTEM32\UMPDC.dll
0x00007ff968090000 - 0x00007ff9680a2000 	C:\Windows\SYSTEM32\kernel.appcore.dll
0x00007ff965850000 - 0x00007ff96585a000 	D:\APP DESARROLLO EPIS 2025\ANDROID STUDIO\jbr\bin\jimage.dll
0x00007ff967a90000 - 0x00007ff967c91000 	C:\Windows\SYSTEM32\DBGHELP.DLL
0x00007ff9554e0000 - 0x00007ff955514000 	C:\Windows\SYSTEM32\dbgcore.DLL
0x00007ff969ae0000 - 0x00007ff969b62000 	C:\Windows\System32\bcryptPrimitives.dll
0x00007ff965110000 - 0x00007ff96511e000 	D:\APP DESARROLLO EPIS 2025\ANDROID STUDIO\jbr\bin\instrument.dll
0x00007ff931890000 - 0x00007ff9318b0000 	D:\APP DESARROLLO EPIS 2025\ANDROID STUDIO\jbr\bin\java.dll
0x00007ff931870000 - 0x00007ff931888000 	D:\APP DESARROLLO EPIS 2025\ANDROID STUDIO\jbr\bin\zip.dll
0x00007ff96b5c0000 - 0x00007ff96bd30000 	C:\Windows\System32\SHELL32.dll
0x00007ff9671c0000 - 0x00007ff967965000 	C:\Windows\SYSTEM32\windows.storage.dll
0x00007ff96a3e0000 - 0x00007ff96a733000 	C:\Windows\System32\combase.dll
0x00007ff968f60000 - 0x00007ff968f8b000 	C:\Windows\SYSTEM32\Wldp.dll
0x00007ff96b380000 - 0x00007ff96b44d000 	C:\Windows\System32\OLEAUT32.dll
0x00007ff96a070000 - 0x00007ff96a11d000 	C:\Windows\System32\SHCORE.dll
0x00007ff96a740000 - 0x00007ff96a79b000 	C:\Windows\System32\shlwapi.dll
0x00007ff969460000 - 0x00007ff969484000 	C:\Windows\SYSTEM32\profapi.dll
0x00007ff948a70000 - 0x00007ff948a80000 	D:\APP DESARROLLO EPIS 2025\ANDROID STUDIO\jbr\bin\net.dll
0x00007ff961bc0000 - 0x00007ff961cca000 	C:\Windows\SYSTEM32\WINHTTP.dll
0x00007ff968cc0000 - 0x00007ff968d2a000 	C:\Windows\system32\mswsock.dll
0x00007ff9314e0000 - 0x00007ff9314f6000 	D:\APP DESARROLLO EPIS 2025\ANDROID STUDIO\jbr\bin\nio.dll
0x00007ff948600000 - 0x00007ff948610000 	D:\APP DESARROLLO EPIS 2025\ANDROID STUDIO\jbr\bin\verify.dll
0x00007ff951170000 - 0x00007ff951197000 	C:\Users\hp\.gradle\native\1def1411415f61bf3af743bc5b6707747c0891f09f0c88961ee8f79bc544acac\windows-amd64\native-platform.dll
0x00007ff93cf50000 - 0x00007ff93cfc8000 	C:\Users\hp\.gradle\native\0.2.7\x86_64-windows-gnu\gradle-fileevents.dll
0x00007ff931520000 - 0x00007ff931529000 	D:\APP DESARROLLO EPIS 2025\ANDROID STUDIO\jbr\bin\management.dll
0x00007ff931510000 - 0x00007ff93151b000 	D:\APP DESARROLLO EPIS 2025\ANDROID STUDIO\jbr\bin\management_ext.dll
0x00007ff96ada0000 - 0x00007ff96ada8000 	C:\Windows\System32\PSAPI.DLL
0x00007ff968950000 - 0x00007ff96898b000 	C:\Windows\SYSTEM32\IPHLPAPI.DLL
0x00007ff96b5b0000 - 0x00007ff96b5b8000 	C:\Windows\System32\NSI.dll
0x00007ff92f640000 - 0x00007ff92f649000 	D:\APP DESARROLLO EPIS 2025\ANDROID STUDIO\jbr\bin\extnet.dll
0x00007ff968ec0000 - 0x00007ff968ed8000 	C:\Windows\SYSTEM32\CRYPTSP.dll
0x00007ff968560000 - 0x00007ff968598000 	C:\Windows\system32\rsaenh.dll
0x00007ff969420000 - 0x00007ff96944e000 	C:\Windows\SYSTEM32\USERENV.dll
0x00007ff968eb0000 - 0x00007ff968ebc000 	C:\Windows\SYSTEM32\CRYPTBASE.dll
0x00007ff930140000 - 0x00007ff930147000 	C:\Windows\system32\wshunix.dll

dbghelp: loaded successfully - version: 4.0.5 - missing functions: none
symbol engine: initialized successfully - sym options: 0x614 - pdb path: .;D:\APP DESARROLLO EPIS 2025\ANDROID STUDIO\jbr\bin;C:\Windows\SYSTEM32;C:\Windows\WinSxS\amd64_microsoft.windows.common-controls_6595b64144ccf1df_6.0.19041.6280_none_60bc30a171f2f3f3;D:\APP DESARROLLO EPIS 2025\ANDROID STUDIO\jbr\bin\server;C:\Users\hp\.gradle\native\1def1411415f61bf3af743bc5b6707747c0891f09f0c88961ee8f79bc544acac\windows-amd64;C:\Users\hp\.gradle\native\0.2.7\x86_64-windows-gnu

VM Arguments:
jvm_args: --add-opens=java.base/java.lang=ALL-UNNAMED --add-opens=java.base/java.lang.invoke=ALL-UNNAMED --add-opens=java.base/java.util=ALL-UNNAMED --add-opens=java.prefs/java.util.prefs=ALL-UNNAMED --add-exports=jdk.compiler/com.sun.tools.javac.api=ALL-UNNAMED --add-exports=jdk.compiler/com.sun.tools.javac.util=ALL-UNNAMED --add-opens=java.base/java.util=ALL-UNNAMED --add-opens=java.prefs/java.util.prefs=ALL-UNNAMED --add-opens=java.base/java.nio.charset=ALL-UNNAMED --add-opens=java.base/java.net=ALL-UNNAMED --add-opens=java.base/java.util.concurrent.atomic=ALL-UNNAMED --add-opens=java.xml/javax.xml.namespace=ALL-UNNAMED -Xmx2048m -Dfile.encoding=UTF-8 -Duser.country=PE -Duser.language=es -Duser.variant -javaagent:C:\Users\hp\.gradle\wrapper\dists\gradle-8.13-bin\5xuhj0ry160q40clulazy9h7d\gradle-8.13\lib\agents\gradle-instrumentation-agent-8.13.jar 
java_command: org.gradle.launcher.daemon.bootstrap.GradleDaemon 8.13
java_class_path (initial): C:\Users\hp\.gradle\wrapper\dists\gradle-8.13-bin\5xuhj0ry160q40clulazy9h7d\gradle-8.13\lib\gradle-daemon-main-8.13.jar
Launcher Type: SUN_STANDARD

[Global flags]
     intx CICompilerCount                          = 4                                         {product} {ergonomic}
     uint ConcGCThreads                            = 2                                         {product} {ergonomic}
     uint G1ConcRefinementThreads                  = 8                                         {product} {ergonomic}
   size_t G1HeapRegionSize                         = 1048576                                   {product} {ergonomic}
    uintx GCDrainStackTargetSize                   = 64                                        {product} {ergonomic}
   size_t InitialHeapSize                          = 132120576                                 {product} {ergonomic}
   size_t MarkStackSize                            = 4194304                                   {product} {ergonomic}
   size_t MaxHeapSize                              = 2147483648                                {product} {command line}
   size_t MaxNewSize                               = 1287651328                                {product} {ergonomic}
   size_t MinHeapDeltaBytes                        = 1048576                                   {product} {ergonomic}
   size_t MinHeapSize                              = 8388608                                   {product} {ergonomic}
    uintx NonNMethodCodeHeapSize                   = 5839372                                {pd product} {ergonomic}
    uintx NonProfiledCodeHeapSize                  = 122909434                              {pd product} {ergonomic}
    uintx ProfiledCodeHeapSize                     = 122909434                              {pd product} {ergonomic}
    uintx ReservedCodeCacheSize                    = 251658240                              {pd product} {ergonomic}
     bool SegmentedCodeCache                       = true                                      {product} {ergonomic}
   size_t SoftMaxHeapSize                          = 2147483648                             {manageable} {ergonomic}
     bool UseCompressedOops                        = true                           {product lp64_product} {ergonomic}
     bool UseG1GC                                  = true                                      {product} {ergonomic}
     bool UseLargePagesIndividualAllocation        = false                                  {pd product} {ergonomic}

Logging:
Log output configuration:
 #0: stdout all=warning uptime,level,tags foldmultilines=false
 #1: stderr all=off uptime,level,tags foldmultilines=false

Environment Variables:
PATH=C:\Program Files (x86)\Common Files\Oracle\Java\java8path;C:\Program Files (x86)\Common Files\Oracle\Java\javapath;C:\Windows\system32;C:\Windows;C:\Windows\System32\Wbem;C:\Windows\System32\WindowsPowerShell\v1.0\;C:\Windows\System32\OpenSSH\;C:\Program Files (x86)\NVIDIA Corporation\PhysX\Common;C:\Program Files\Git\cmd;C:\Users\hp\AppData\Local\Programs\Python\Python313\Scripts\;C:\Users\hp\AppData\Local\Programs\Python\Python313\;C:\Users\hp\AppData\Local\Programs\Python\Launcher\;C:\Users\hp\AppData\Local\Microsoft\WindowsApps;C:\Users\hp\AppData\Local\Programs\Microsoft VS Code\bin
USERNAME=hp
OS=Windows_NT
PROCESSOR_IDENTIFIER=Intel64 Family 6 Model 126 Stepping 5, GenuineIntel
TMP=C:\Users\hp\AppData\Local\Temp
TEMP=C:\Users\hp\AppData\Local\Temp




Periodic native trim disabled

JNI global refs:
JNI global refs: 25, weak refs: 2

JNI global refs memory usage: 835, weak refs: 833

Process memory usage:
Resident Set Size: 230576K (2% of 8165168K total physical memory with 428840K free physical memory)

OOME stack traces (most recent first):
Classloader memory used:
Loader org.gradle.internal.classloader.VisitableURLClassLoader                         : 18854K
Loader bootstrap                                                                       : 18243K
Loader org.gradle.initialization.MixInLegacyTypesClassLoader                           : 2828K
Loader org.gradle.internal.classloader.VisitableURLClassLoader                         : 730K
Loader jdk.internal.loader.ClassLoaders$AppClassLoader                                 : 235K
Loader jdk.internal.loader.ClassLoaders$PlatformClassLoader                            : 164K
Loader jdk.internal.reflect.DelegatingClassLoader                                      : 157K
Loader org.gradle.groovy.scripts.internal.DefaultScriptCompilationHandler$ScriptClassLoader: 6584B

Classes loaded by more than one classloader:
Class org.gradle.api.GradleException                                                  : loaded 3 times (x 78B)
Class org.gradle.internal.classloader.FilteringClassLoader                            : loaded 2 times (x 101B)
Class org.gradle.internal.classloader.ClassLoaderHierarchy                            : loaded 2 times (x 66B)
Class org.gradle.api.internal.classpath.ManifestUtil                                  : loaded 2 times (x 67B)
Class org.gradle.internal.operations.MultipleBuildOperationFailures                   : loaded 2 times (x 91B)
Class org.gradle.internal.classloader.DefaultClassLoaderFactory                       : loaded 2 times (x 78B)
Class org.gradle.internal.classloader.ClassLoaderVisitor                              : loaded 2 times (x 72B)
Class org.gradle.api.internal.classpath.EffectiveClassPath                            : loaded 2 times (x 86B)
Class org.gradle.api.internal.DefaultClassPathProvider                                : loaded 2 times (x 72B)
Class [Lorg.gradle.api.internal.ClassPathProvider;                                    : loaded 2 times (x 65B)
Class org.gradle.api.internal.ClassPathProvider                                       : loaded 2 times (x 66B)
Class org.gradle.internal.service.UnknownServiceException                             : loaded 2 times (x 79B)
Class org.gradle.internal.classpath.TransformedClassPath                              : loaded 2 times (x 92B)
Class org.gradle.internal.classloader.InstrumentingClassLoader                        : loaded 2 times (x 66B)
Class org.gradle.internal.service.ServiceLocator                                      : loaded 2 times (x 66B)
Class org.gradle.internal.InternalTransformer                                         : loaded 2 times (x 66B)
Class org.gradle.internal.time.DefaultTimer                                           : loaded 2 times (x 76B)
Class org.gradle.internal.classloader.ClasspathUtil$1                                 : loaded 2 times (x 72B)
Class org.gradle.api.internal.classpath.DefaultModuleRegistry$DefaultModule           : loaded 2 times (x 82B)
Class org.gradle.internal.time.DefaultCountdownTimer                                  : loaded 2 times (x 84B)
Class kotlin.Function                                                                 : loaded 2 times (x 66B)
Class org.gradle.api.internal.classpath.Module                                        : loaded 2 times (x 66B)
Class org.gradle.api.internal.classpath.UnknownModuleException                        : loaded 2 times (x 78B)
Class org.gradle.api.internal.DefaultClassPathRegistry                                : loaded 2 times (x 72B)
Class org.gradle.api.internal.ClassPathRegistry                                       : loaded 2 times (x 66B)
Class org.gradle.internal.classpath.DefaultClassPath$ImmutableUniqueList              : loaded 2 times (x 195B)
Class org.gradle.internal.classpath.ClassPath                                         : loaded 2 times (x 66B)
Class org.gradle.api.UncheckedIOException                                             : loaded 2 times (x 78B)
Class kotlin.UninitializedPropertyAccessException                                     : loaded 2 times (x 78B)
Class org.gradle.internal.installation.GradleInstallation$1                           : loaded 2 times (x 71B)
Class org.gradle.api.internal.classpath.ModuleRegistry                                : loaded 2 times (x 66B)
Class org.gradle.api.internal.classpath.DefaultModuleRegistry                         : loaded 2 times (x 82B)
Class org.gradle.internal.time.MonotonicClock                                         : loaded 2 times (x 73B)
Class org.gradle.internal.service.ServiceLookupException                              : loaded 2 times (x 78B)
Class org.gradle.internal.classloader.ClassLoaderFactory                              : loaded 2 times (x 66B)
Class org.gradle.internal.service.CachingServiceLocator                               : loaded 2 times (x 78B)
Class org.gradle.internal.time.TimeSource                                             : loaded 2 times (x 66B)
Class org.gradle.internal.exceptions.ResolutionProvider                               : loaded 2 times (x 66B)
Class org.gradle.internal.classloader.ClasspathUtil                                   : loaded 2 times (x 67B)
Class org.gradle.internal.time.TimeSource$1                                           : loaded 2 times (x 73B)
Class org.gradle.api.specs.Spec                                                       : loaded 2 times (x 66B)
Class org.gradle.internal.time.Clock                                                  : loaded 2 times (x 66B)
Class org.gradle.internal.classloader.VisitableURLClassLoader$InstrumentingVisitableURLClassLoader: loaded 2 times (x 119B)
Class org.gradle.internal.classloader.VisitableURLClassLoader$Spec                    : loaded 2 times (x 70B)
Class org.gradle.internal.classpath.DefaultClassPath                                  : loaded 2 times (x 86B)
Class org.gradle.internal.classloader.ClassLoaderSpec                                 : loaded 2 times (x 67B)
Class org.gradle.internal.classloader.VisitableURLClassLoader                         : loaded 2 times (x 113B)
Class org.gradle.internal.Cast                                                        : loaded 2 times (x 67B)
Class org.gradle.api.Action                                                           : loaded 2 times (x 66B)
Class kotlin.jvm.functions.Function1                                                  : loaded 2 times (x 66B)
Class org.gradle.internal.classpath.DefaultClassPath$ImmutableUniqueList$Builder      : loaded 2 times (x 71B)
Class kotlin.NotImplementedError                                                      : loaded 2 times (x 78B)
Class org.gradle.internal.exceptions.NonGradleCauseExceptionsHolder                   : loaded 2 times (x 66B)
Class org.gradle.internal.IoActions                                                   : loaded 2 times (x 67B)
Class org.gradle.internal.classloader.SystemClassLoaderSpec                           : loaded 2 times (x 67B)
Class org.gradle.internal.exceptions.MultiCauseException                              : loaded 2 times (x 66B)
Class org.gradle.internal.time.CountdownTimer                                         : loaded 2 times (x 66B)
Class kotlin.jvm.internal.Intrinsics                                                  : loaded 2 times (x 67B)
Class org.gradle.tooling.model.ProjectModel                                           : loaded 2 times (x 66B)
Class kotlin.KotlinNullPointerException                                               : loaded 2 times (x 79B)
Class org.gradle.internal.exceptions.DefaultMultiCauseException                       : loaded 2 times (x 91B)
Class org.gradle.internal.time.Time                                                   : loaded 2 times (x 67B)
Class org.gradle.api.internal.classpath.GlobalCacheRootsProvider                      : loaded 2 times (x 66B)
Class org.gradle.internal.time.Timer                                                  : loaded 2 times (x 66B)
Class org.gradle.internal.installation.CurrentGradleInstallationLocator               : loaded 2 times (x 67B)
Class org.gradle.internal.service.DefaultServiceLocator                               : loaded 2 times (x 79B)
Class org.gradle.util.GradleVersion                                                   : loaded 2 times (x 75B)
Class org.gradle.internal.installation.CurrentGradleInstallation                      : loaded 2 times (x 69B)
Class org.gradle.util.internal.GUtil                                                  : loaded 2 times (x 67B)
Class org.gradle.internal.installation.GradleInstallation                             : loaded 2 times (x 71B)

---------------  S Y S T E M  ---------------

OS:
 Windows 10 , 64 bit Build 19041 (10.0.19041.5915)
OS uptime: 1 days 5:44 hours

CPU: total 8 (initial active 8) (4 cores per cpu, 2 threads per core) family 6 model 126 stepping 5 microcode 0x96, cx8, cmov, fxsr, ht, mmx, 3dnowpref, sse, sse2, sse3, ssse3, sse4.1, sse4.2, popcnt, lzcnt, tsc, tscinvbit, avx, avx2, aes, erms, clmul, bmi1, bmi2, adx, avx512f, avx512dq, avx512cd, avx512bw, avx512vl, sha, fma, vzeroupper, avx512_vpopcntdq, avx512_vpclmulqdq, avx512_vaes, avx512_vnni, clflush, clflushopt, avx512_vbmi2, avx512_vbmi, rdtscp, rdpid, fsrm, gfni, avx512_bitalg, f16c, pku, avx512_ifma
Processor Information for the first 8 processors :
  Max Mhz: 1190, Current Mhz: 991, Mhz Limit: 987

Memory: 4k page, system-wide physical 7973M (416M free)
TotalPageFile size 10021M (AvailPageFile size 1M)
current process WorkingSet (physical memory assigned to process): 225M, peak: 226M
current process commit charge ("private bytes"): 266M, peak: 267M

vm_info: OpenJDK 64-Bit Server VM (21.0.6+-13391695-b895.109) for windows-amd64 JRE (21.0.6+-13391695-b895.109), built on 2025-04-22T21:19:17Z by "builder" with MS VC++ 16.10 / 16.11 (VS2019)

END.
